{
  "RSpec": {
    "coverage": {
      "/Users/tomaszgrottel/rails/pairguru/app/models/concerns/title_brackets_validator.rb": [
        1,
        1,
        12,
        12,
        12,
        null,
        null,
        12,
        474,
        null,
        474,
        15,
        15,
        4,
        4,
        null,
        null,
        null,
        null,
        12,
        null,
        null
      ],
      "/Users/tomaszgrottel/rails/pairguru/app/mailers/movie_info_mailer.rb": [
        0,
        0,
        0,
        0,
        0,
        0,
        0
      ],
      "/Users/tomaszgrottel/rails/pairguru/app/mailers/movie_export_mailer.rb": [
        0,
        0,
        0,
        0,
        0,
        0
      ],
      "/Users/tomaszgrottel/rails/pairguru/app/mailers/application_mailer.rb": [
        0,
        0,
        0,
        0
      ],
      "/Users/tomaszgrottel/rails/pairguru/app/decorators/genre_decorator.rb": [
        0,
        0,
        0,
        null,
        0,
        0,
        0,
        0
      ],
      "/Users/tomaszgrottel/rails/pairguru/app/decorators/comment_decorator.rb": [
        0,
        0,
        null,
        null,
        null,
        null,
        null,
        null,
        null,
        null,
        null,
        null,
        0
      ],
      "/Users/tomaszgrottel/rails/pairguru/app/decorators/user_decorator.rb": [
        0,
        0,
        null,
        null,
        null,
        null,
        null,
        null,
        null,
        null,
        null,
        null,
        0
      ],
      "/Users/tomaszgrottel/rails/pairguru/app/decorators/movie_decorator.rb": [
        0,
        0,
        null,
        0,
        0,
        0,
        0,
        0,
        0
      ],
      "/Users/tomaszgrottel/rails/pairguru/app/models/genre.rb": [
        null,
        null,
        null,
        null,
        null,
        null,
        null,
        null,
        null,
        null,
        0,
        0,
        0
      ],
      "/Users/tomaszgrottel/rails/pairguru/app/models/movie.rb": [
        null,
        null,
        null,
        null,
        null,
        null,
        null,
        null,
        null,
        null,
        null,
        null,
        null,
        null,
        0,
        0,
        0,
        0
      ],
      "/Users/tomaszgrottel/rails/pairguru/app/models/comment.rb": [
        0,
        0,
        0,
        0
      ],
      "/Users/tomaszgrottel/rails/pairguru/app/models/application_record.rb": [
        0,
        0,
        0
      ],
      "/Users/tomaszgrottel/rails/pairguru/app/models/user.rb": [
        null,
        null,
        null,
        null,
        null,
        null,
        null,
        null,
        null,
        null,
        null,
        null,
        null,
        null,
        null,
        null,
        null,
        null,
        null,
        0,
        null,
        null,
        0,
        0,
        null,
        0,
        0,
        null,
        0,
        0,
        0,
        0,
        0,
        0,
        0,
        0,
        null,
        null,
        0
      ],
      "/Users/tomaszgrottel/rails/pairguru/app/controllers/application_controller.rb": [
        0,
        null,
        null,
        0,
        0,
        null,
        0,
        null,
        0,
        0,
        0,
        0,
        0,
        0
      ],
      "/Users/tomaszgrottel/rails/pairguru/app/controllers/comments_controller.rb": [
        0,
        0,
        0,
        0,
        null,
        0,
        0,
        0,
        0,
        0,
        0,
        0,
        0,
        0,
        null,
        0,
        0,
        null,
        0,
        0,
        0,
        0,
        0,
        0,
        0,
        null,
        0,
        0,
        0,
        0,
        null,
        null,
        0,
        0,
        0,
        0,
        null,
        0,
        0,
        0,
        null,
        0,
        0,
        0,
        null,
        0
      ],
      "/Users/tomaszgrottel/rails/pairguru/app/controllers/movies_controller.rb": [
        0,
        0,
        null,
        0,
        0,
        0,
        null,
        0,
        0,
        0,
        null,
        0,
        0,
        0,
        0,
        0,
        null,
        0,
        0,
        0,
        0,
        0,
        0
      ],
      "/Users/tomaszgrottel/rails/pairguru/app/controllers/users_controller.rb": [
        0,
        0,
        null,
        0,
        0
      ],
      "/Users/tomaszgrottel/rails/pairguru/app/controllers/home_controller.rb": [
        0,
        0,
        0
      ],
      "/Users/tomaszgrottel/rails/pairguru/app/controllers/genres_controller.rb": [
        0,
        0,
        0,
        0,
        null,
        0,
        0,
        0,
        0
      ],
      "/Users/tomaszgrottel/rails/pairguru/app/helpers/comments_helper.rb": [
        0,
        0
      ],
      "/Users/tomaszgrottel/rails/pairguru/app/helpers/users_helper.rb": [
        0,
        0
      ],
      "/Users/tomaszgrottel/rails/pairguru/app/helpers/application_helper.rb": [
        0,
        0
      ],
      "/Users/tomaszgrottel/rails/pairguru/app/services/movie_exporter.rb": [
        0,
        null,
        0,
        0,
        0,
        0,
        0,
        0,
        0,
        0,
        0,
        0,
        null,
        0,
        null,
        0,
        0,
        0,
        0,
        0,
        0,
        0,
        0
      ]
    },
    "timestamp": 1573398800
  }
}
